<?xml version="1.0" encoding="UTF-8"?>
<testsuite name="com.sparta.week01.Week01ApplicationTests" tests="1" skipped="0" failures="0" errors="0" timestamp="2021-06-25T08:04:46" hostname="pittamnunmulmaegbugpeulo.local" time="0.089">
  <properties/>
  <testcase name="contextLoads()" classname="com.sparta.week01.Week01ApplicationTests" time="0.089"/>
  <system-out><![CDATA[17:04:42.389 [Test worker] DEBUG org.springframework.test.context.BootstrapUtils - Instantiating CacheAwareContextLoaderDelegate from class [org.springframework.test.context.cache.DefaultCacheAwareContextLoaderDelegate]
17:04:42.407 [Test worker] DEBUG org.springframework.test.context.BootstrapUtils - Instantiating BootstrapContext using constructor [public org.springframework.test.context.support.DefaultBootstrapContext(java.lang.Class,org.springframework.test.context.CacheAwareContextLoaderDelegate)]
17:04:42.451 [Test worker] DEBUG org.springframework.test.context.BootstrapUtils - Instantiating TestContextBootstrapper for test class [com.sparta.week01.Week01ApplicationTests] from class [org.springframework.boot.test.context.SpringBootTestContextBootstrapper]
17:04:42.464 [Test worker] INFO org.springframework.boot.test.context.SpringBootTestContextBootstrapper - Neither @ContextConfiguration nor @ContextHierarchy found for test class [com.sparta.week01.Week01ApplicationTests], using SpringBootContextLoader
17:04:42.469 [Test worker] DEBUG org.springframework.test.context.support.AbstractContextLoader - Did not detect default resource location for test class [com.sparta.week01.Week01ApplicationTests]: class path resource [com/sparta/week01/Week01ApplicationTests-context.xml] does not exist
17:04:42.469 [Test worker] DEBUG org.springframework.test.context.support.AbstractContextLoader - Did not detect default resource location for test class [com.sparta.week01.Week01ApplicationTests]: class path resource [com/sparta/week01/Week01ApplicationTestsContext.groovy] does not exist
17:04:42.470 [Test worker] INFO org.springframework.test.context.support.AbstractContextLoader - Could not detect default resource locations for test class [com.sparta.week01.Week01ApplicationTests]: no resource found for suffixes {-context.xml, Context.groovy}.
17:04:42.471 [Test worker] INFO org.springframework.test.context.support.AnnotationConfigContextLoaderUtils - Could not detect default configuration classes for test class [com.sparta.week01.Week01ApplicationTests]: Week01ApplicationTests does not declare any static, non-private, non-final, nested classes annotated with @Configuration.
17:04:42.519 [Test worker] DEBUG org.springframework.test.context.support.ActiveProfilesUtils - Could not find an 'annotation declaring class' for annotation type [org.springframework.test.context.ActiveProfiles] and class [com.sparta.week01.Week01ApplicationTests]
17:04:42.599 [Test worker] DEBUG org.springframework.context.annotation.ClassPathScanningCandidateComponentProvider - Identified candidate component class: file [/Users/ssugsangpil/Desktop/week01/build/classes/java/main/com/sparta/week01/Week01Application.class]
17:04:42.601 [Test worker] INFO org.springframework.boot.test.context.SpringBootTestContextBootstrapper - Found @SpringBootConfiguration com.sparta.week01.Week01Application for test class com.sparta.week01.Week01ApplicationTests
17:04:42.706 [Test worker] DEBUG org.springframework.boot.test.context.SpringBootTestContextBootstrapper - @TestExecutionListeners is not present for class [com.sparta.week01.Week01ApplicationTests]: using defaults.
17:04:42.706 [Test worker] INFO org.springframework.boot.test.context.SpringBootTestContextBootstrapper - Loaded default TestExecutionListener class names from location [META-INF/spring.factories]: [org.springframework.boot.test.autoconfigure.restdocs.RestDocsTestExecutionListener, org.springframework.boot.test.autoconfigure.web.client.MockRestServiceServerResetTestExecutionListener, org.springframework.boot.test.autoconfigure.web.servlet.MockMvcPrintOnlyOnFailureTestExecutionListener, org.springframework.boot.test.autoconfigure.web.servlet.WebDriverTestExecutionListener, org.springframework.boot.test.autoconfigure.webservices.client.MockWebServiceServerTestExecutionListener, org.springframework.boot.test.mock.mockito.MockitoTestExecutionListener, org.springframework.boot.test.mock.mockito.ResetMocksTestExecutionListener, org.springframework.test.context.web.ServletTestExecutionListener, org.springframework.test.context.support.DirtiesContextBeforeModesTestExecutionListener, org.springframework.test.context.event.ApplicationEventsTestExecutionListener, org.springframework.test.context.support.DependencyInjectionTestExecutionListener, org.springframework.test.context.support.DirtiesContextTestExecutionListener, org.springframework.test.context.transaction.TransactionalTestExecutionListener, org.springframework.test.context.jdbc.SqlScriptsTestExecutionListener, org.springframework.test.context.event.EventPublishingTestExecutionListener]
17:04:42.727 [Test worker] INFO org.springframework.boot.test.context.SpringBootTestContextBootstrapper - Using TestExecutionListeners: [org.springframework.test.context.web.ServletTestExecutionListener@24da6451, org.springframework.test.context.support.DirtiesContextBeforeModesTestExecutionListener@39e1d55c, org.springframework.test.context.event.ApplicationEventsTestExecutionListener@3823b694, org.springframework.boot.test.mock.mockito.MockitoTestExecutionListener@7def5923, org.springframework.boot.test.autoconfigure.SpringBootDependencyInjectionTestExecutionListener@ae04223, org.springframework.test.context.support.DirtiesContextTestExecutionListener@3d1c2d16, org.springframework.test.context.transaction.TransactionalTestExecutionListener@18aeab37, org.springframework.test.context.jdbc.SqlScriptsTestExecutionListener@1f8fcf40, org.springframework.test.context.event.EventPublishingTestExecutionListener@17f667c8, org.springframework.boot.test.autoconfigure.restdocs.RestDocsTestExecutionListener@4b5e9cbd, org.springframework.boot.test.autoconfigure.web.client.MockRestServiceServerResetTestExecutionListener@26c471f2, org.springframework.boot.test.autoconfigure.web.servlet.MockMvcPrintOnlyOnFailureTestExecutionListener@47504fa5, org.springframework.boot.test.autoconfigure.web.servlet.WebDriverTestExecutionListener@63bca8a0, org.springframework.boot.test.autoconfigure.webservices.client.MockWebServiceServerTestExecutionListener@5cb86b1e, org.springframework.boot.test.mock.mockito.ResetMocksTestExecutionListener@59f6da9a]
17:04:42.730 [Test worker] DEBUG org.springframework.test.context.support.AbstractDirtiesContextTestExecutionListener - Before test class: context [DefaultTestContext@7b5e0c8a testClass = Week01ApplicationTests, testInstance = [null], testMethod = [null], testException = [null], mergedContextConfiguration = [WebMergedContextConfiguration@358576df testClass = Week01ApplicationTests, locations = '{}', classes = '{class com.sparta.week01.Week01Application}', contextInitializerClasses = '[]', activeProfiles = '{}', propertySourceLocations = '{}', propertySourceProperties = '{org.springframework.boot.test.context.SpringBootTestContextBootstrapper=true}', contextCustomizers = set[org.springframework.boot.test.autoconfigure.actuate.metrics.MetricsExportContextCustomizerFactory$DisableMetricExportContextCustomizer@26181067, org.springframework.boot.test.autoconfigure.properties.PropertyMappingContextCustomizer@0, org.springframework.boot.test.autoconfigure.web.servlet.WebDriverContextCustomizerFactory$Customizer@61974650, org.springframework.boot.test.context.filter.ExcludeFilterContextCustomizer@2a49837e, org.springframework.boot.test.json.DuplicateJsonObjectContextCustomizerFactory$DuplicateJsonObjectContextCustomizer@7e2f6b31, org.springframework.boot.test.mock.mockito.MockitoContextCustomizer@0, org.springframework.boot.test.web.client.TestRestTemplateContextCustomizer@74c1f1c6, org.springframework.boot.test.context.SpringBootTestArgs@1, org.springframework.boot.test.context.SpringBootTestWebEnvironment@d887b9a], resourceBasePath = 'src/main/webapp', contextLoader = 'org.springframework.boot.test.context.SpringBootContextLoader', parent = [null]], attributes = map['org.springframework.test.context.web.ServletTestExecutionListener.activateListener' -> true]], class annotated with @DirtiesContext [false] with mode [null].
17:04:42.772 [Test worker] DEBUG org.springframework.test.context.support.TestPropertySourceUtils - Adding inlined properties to environment: {spring.jmx.enabled=false, org.springframework.boot.test.context.SpringBootTestContextBootstrapper=true}

  .   ____          _            __ _ _
 /\\ / ___'_ __ _ _(_)_ __  __ _ \ \ \ \
( ( )\___ | '_ | '_| | '_ \/ _` | \ \ \ \
 \\/  ___)| |_)| | | | | || (_| |  ) ) ) )
  '  |____| .__|_| |_|_| |_\__, | / / / /
 =========|_|==============|___/=/_/_/_/
 :: Spring Boot ::                (v2.5.1)

2021-06-25 17:04:43.174  WARN 87522 --- [    Test worker] ory$DuplicateJsonObjectContextCustomizer : 

Found multiple occurrences of org.json.JSONObject on the class path:

	jar:file:/Users/ssugsangpil/.gradle/caches/modules-2/files-2.1/org.json/json/20160810/aca5eb39e2a12fddd6c472b240afe9ebea3a6733/json-20160810.jar!/org/json/JSONObject.class
	jar:file:/Users/ssugsangpil/.gradle/caches/modules-2/files-2.1/com.vaadin.external.google/android-json/0.0.20131108.vaadin1/fa26d351fe62a6a17f5cda1287c1c6110dec413f/android-json-0.0.20131108.vaadin1.jar!/org/json/JSONObject.class

You may wish to exclude one of them to ensure predictable runtime behavior

2021-06-25 17:04:43.218  INFO 87522 --- [    Test worker] c.sparta.week01.Week01ApplicationTests   : Starting Week01ApplicationTests using Java 1.8.0_292 on pittamnunmulmaegbugpeulo.local with PID 87522 (started by ssugsangpil in /Users/ssugsangpil/Desktop/week01)
2021-06-25 17:04:43.220  INFO 87522 --- [    Test worker] c.sparta.week01.Week01ApplicationTests   : No active profile set, falling back to default profiles: default
2021-06-25 17:04:43.839  INFO 87522 --- [    Test worker] .s.d.r.c.RepositoryConfigurationDelegate : Bootstrapping Spring Data JPA repositories in DEFAULT mode.
2021-06-25 17:04:43.859  INFO 87522 --- [    Test worker] .s.d.r.c.RepositoryConfigurationDelegate : Finished Spring Data repository scanning in 8 ms. Found 0 JPA repository interfaces.
2021-06-25 17:04:44.336  INFO 87522 --- [    Test worker] com.zaxxer.hikari.HikariDataSource       : HikariPool-1 - Starting...
2021-06-25 17:04:44.595  INFO 87522 --- [    Test worker] com.zaxxer.hikari.HikariDataSource       : HikariPool-1 - Start completed.
2021-06-25 17:04:44.764  INFO 87522 --- [    Test worker] o.hibernate.jpa.internal.util.LogHelper  : HHH000204: Processing PersistenceUnitInfo [name: default]
2021-06-25 17:04:44.822  INFO 87522 --- [    Test worker] org.hibernate.Version                    : HHH000412: Hibernate ORM core version 5.4.32.Final
2021-06-25 17:04:45.014  INFO 87522 --- [    Test worker] o.hibernate.annotations.common.Version   : HCANN000001: Hibernate Commons Annotations {5.1.2.Final}
2021-06-25 17:04:45.187  INFO 87522 --- [    Test worker] org.hibernate.dialect.Dialect            : HHH000400: Using dialect: org.hibernate.dialect.H2Dialect
2021-06-25 17:04:45.468  INFO 87522 --- [    Test worker] o.h.e.t.j.p.i.JtaPlatformInitiator       : HHH000490: Using JtaPlatform implementation: [org.hibernate.engine.transaction.jta.platform.internal.NoJtaPlatform]
2021-06-25 17:04:45.480  INFO 87522 --- [    Test worker] j.LocalContainerEntityManagerFactoryBean : Initialized JPA EntityManagerFactory for persistence unit 'default'
2021-06-25 17:04:45.740  WARN 87522 --- [    Test worker] JpaBaseConfiguration$JpaWebConfiguration : spring.jpa.open-in-view is enabled by default. Therefore, database queries may be performed during view rendering. Explicitly configure spring.jpa.open-in-view to disable this warning
2021-06-25 17:04:46.433  INFO 87522 --- [    Test worker] c.sparta.week01.Week01ApplicationTests   : Started Week01ApplicationTests in 3.654 seconds (JVM running for 4.874)
]]></system-out>
  <system-err><![CDATA[]]></system-err>
</testsuite>
